87
63
23
55
71
26
17
72
66
67
59
15
97
66
12
97
36
26
65
71
89
93
86
48
56
57
56
76
73
82
33
54
37
51
54
98
37
65
77
54
69
82
76
23
89
78
78
43
68
82
83
33
69
83
17
19
83
92
12
76
97
53
35
83
83
71
36
95
88
28
12
85
38
97
11
44
56
27
63
95
99
72
88
73
19
23
11
44
21
21
16
47
11
55
39
85
71
53
57
71
55
77
27
75
79
31
77
93
31
44
71
44
37
99
83
44
14
63
76
54
75
43
15
74
74
34
74
18
36
88
54
62
16
39
81
71
64
33
63
12
26
26
32
39
35
12
77
98
48
84
74
89
39
37
41
89
39
82
55
33
63
57
28
99
14
35
43
87
91
71
43
78
93
97
27
29
87
92
82
35
35
85
88
55
62
96
35
51
43
99
83
17
87
42
53
67
97
22
34
74
76
37
34
36
31
74
74
81
42
66
69
98
62
88
65
29
57
95
77
88
43
41
87
77
39
98
57
76
55
19
22
14
13
89
25
77
12
89
55
76
26
85
87
78
68
55
94
52
81
41
22
53
59
56
16
69
11
63
41
54
26
86
86
94
81
87
29
45
98
88
74
52
54
98
32
39
75
21
77
26
25
26
61
37
66
14
75
49
18
96
45
58
58
99
29
26
78
68
11
77
33
61
89
51
58
46
77
99
45
44
46
15
75
76
14
64
95
23
22
59
78
84
34
71
52
39
62
42
26
55
33
48
57
71
41
22
83
72
46
31
89
31
52
85
18
33
65
63
44
24
81
41
82
53
93
83
64
48
81
55
31
22
66
26
37
92
93
55
12
56
72
71
83
28
16
58
44
26
59
52
32
17
37
29
43
31
83
73
53
53
77
65
88
11
14
75
88
69
42
52
73
23
87
58
64
88
66
98
83
24
76
56
58
81
81
62
83
78
99
76
57
79
99
93
22
34
82
89
53
49
47
22
41
21
39
34
93
16
43
43
96
79
51
85
75
54
97
76
64
32
59
58
22
33
52
81
14
63
42
55
52
88
23
64
81
15
16
41
18
11
64
25
59
36
61
89
21
87
76
92
41
69
73
27
53
92
44
57
69
11
22
39
46
57
25
74
85
66
71
55
17
23
33
17
48
46
92
52
84
49
47
71
54
73
68
98
33
33
14
98
55
28
49
84
54
98
29
48
77
62
22
96
17
55
82
44
33
39
66
15
85
11
17
46
45
26
38
23
12
11
69
91
85
42
76
37
77
83
85
84
79
18
91
44
18
52
89
11
21
87
84
47
46
76
52
93
17
31
42
26
37
86
36
82
16
99
36
66
29
53
18
31
94
46
84
47
12
87
69
32
15
11
94
17
17
83
81
14
63
11
75
98
22
51
81
11
43
95
57
31
62
82
38
17
94
25
99
72
66
79
88
93
75
28
51
39
51
78
13
31
75
66
35
15
68
99
55
33
44
97
49
78
21
87
33
69
52
73
96
62
18
63
61
32
31
56
87
44
13
53
56
25
58
14
56
61
92
21
59
56
65
52
31
21
66
59
99
16
11
68
73
52
46
54
99
44
84
54
38
81
33
47
28
73
26
66
42
49
12
39
57
12
68
11
12
65
23
92
53
75
82
11
23
42
21
11
11
22
56
55
69
28
68
85
22
58
75
62
51
99
12
86
27
76
48
21
43
73
37
43
84
91
88
21
54
88
89
84
24
54
45
66
24
29
14
49
37
64
81
33
16
52
55
88
29
36
82
81
22
32
14
22
57
72
41
77
62
87
91
65
33
99
73
62
17
28
66
76
57
55
13
57
27
61
84
93
97
24
28
66
52
63
33
92
22
44
18
12
21
17
27
43
68
98
33
49
11
97
23
44
22
35
65
15
71
29
96
96
35
88
45
39
23
62
46
56
11
91
79
85
55
86
83
81
37
94
16
85
62
28
56
44
21
18
16
67
43
42
67
96
17
78
15
92
92
43
88
14
11
26
88
49
57
81
62
77
44
28
81
96
71
36
38
24
87
67
42
12
75
37
39
54
81
43
32
37
41
96
91
97
12
21
44
27
58
46
84
86
99
54
43
81
63
72
74
66
62
18
76
88
16
43
69
87
68
33
78
72
51
79
11
92
54
39
84
24
72
61
38
11
68
34
71
23
16
26
73
84
43
19
88
55
77
74
12
28
17
29
75
51
58
81
87
69
33
11
98
53
79
26
32
59
94
48
64
23
46
29
58
38
11
29
76
64
14
85
42
91
45
71
54770
